<?xml version="1.0" encoding="UTF-8"?>
<!-- Generated by org.testng.reporters.JUnitReportReporter -->
<testsuite hostname="DESKTOP-2UVRNVB" failures="0" tests="5" name="org.testng.qa2.TestInvocationCount" time="0.026" errors="0" timestamp="17 Jan 2026 09:55:38 GMT" skipped="0">
  <testcase classname="org.testng.qa2.TestInvocationCount" name="TC001_Google_Login" time="0.006"/>
  <testcase classname="org.testng.qa2.TestInvocationCount" name="TC001_Google_Login" time="0.002"/>
  <testcase classname="org.testng.qa2.TestInvocationCount" name="TC001_Google_Login" time="0.002"/>
  <testcase classname="org.testng.qa2.TestInvocationCount" name="TC001_Google_Login" time="0.014"/>
  <testcase classname="org.testng.qa2.TestInvocationCount" name="TC001_Google_Login" time="0.002"/>
</testsuite> <!-- org.testng.qa2.TestInvocationCount -->
