<?xml version="1.0" encoding="UTF-8"?>
<!-- Generated by org.testng.reporters.JUnitReportReporter -->
<testsuite hostname="DESKTOP-2UVRNVB" failures="0" tests="3" name="org.datadriventest.qa.DataDrivenTestUsingExcelReader" time="27.552" errors="0" timestamp="07 Feb 2026 10:59:03 GMT" skipped="0">
  <testcase classname="org.datadriventest.qa.DataDrivenTestUsingExcelReader" name="TC001" time="8.377"/>
  <testcase classname="org.datadriventest.qa.DataDrivenTestUsingExcelReader" name="TC001" time="9.927"/>
  <testcase classname="org.datadriventest.qa.DataDrivenTestUsingExcelReader" name="TC001" time="9.248"/>
</testsuite> <!-- org.datadriventest.qa.DataDrivenTestUsingExcelReader -->
