<?xml version="1.0" encoding="UTF-8"?>
<!-- Generated by org.testng.reporters.JUnitReportReporter -->
<testsuite hostname="DESKTOP-2UVRNVB" failures="0" tests="3" name="org.testng.qa2.DataProvider2" time="30.633" errors="0" timestamp="07 Feb 2026 09:57:08 GMT" skipped="0">
  <testcase classname="org.testng.qa2.DataProvider2" name="TC001" time="10.582"/>
  <testcase classname="org.testng.qa2.DataProvider2" name="TC001" time="8.370"/>
  <testcase classname="org.testng.qa2.DataProvider2" name="TC001" time="11.681"/>
</testsuite> <!-- org.testng.qa2.DataProvider2 -->
