<?xml version="1.0" encoding="UTF-8"?>
<!-- Generated by org.testng.reporters.JUnitReportReporter -->
<testsuite hostname="DESKTOP-2UVRNVB" failures="0" tests="3" name="org.datadriventest.qa.Test2" time="31.324" errors="0" timestamp="07 Feb 2026 11:25:50 GMT" skipped="0">
  <testcase classname="org.datadriventest.qa.Test2" name="TC001" time="13.188"/>
  <testcase classname="org.datadriventest.qa.Test2" name="TC001" time="9.444"/>
  <testcase classname="org.datadriventest.qa.Test2" name="TC001" time="8.692"/>
</testsuite> <!-- org.datadriventest.qa.Test2 -->
