<?xml version="1.0" encoding="UTF-8"?>
<!-- Generated by org.testng.reporters.JUnitReportReporter -->
<testsuite hostname="DESKTOP-2UVRNVB" failures="0" tests="3" name="org.datadriventest.qa.DataDrivenTestUsingExcelReader2" time="27.908" errors="0" timestamp="07 Feb 2026 10:45:11 GMT" skipped="0">
  <testcase classname="org.datadriventest.qa.DataDrivenTestUsingExcelReader2" name="TC001" time="9.775"/>
  <testcase classname="org.datadriventest.qa.DataDrivenTestUsingExcelReader2" name="TC001" time="9.408"/>
  <testcase classname="org.datadriventest.qa.DataDrivenTestUsingExcelReader2" name="TC001" time="8.725"/>
</testsuite> <!-- org.datadriventest.qa.DataDrivenTestUsingExcelReader2 -->
