<?xml version="1.0" encoding="UTF-8"?>
<!-- Generated by org.testng.reporters.JUnitXMLReporter -->
<testsuite ignored="0" hostname="DESKTOP-2UVRNVB" failures="1" tests="5" name="Test" time="28.454" errors="0" timestamp="07 Feb 2026 10:59:03 GMT">
  <testcase classname="org.datadriventest.qa.DataDrivenTestUsingExcelReader" name="TC001" time="0.859"/>
  <testcase classname="org.datadriventest.qa.DataDrivenTestUsingExcelReader" name="TC001" time="0.822"/>
  <testcase classname="org.datadriventest.qa.DataDrivenTestUsingExcelReader" name="TC001" time="0.807"/>
  <testcase classname="org.datadriventest.qa.Test2" name="test1" time="0.01">
    <failure type="junit.framework.AssertionFailedError">
      <![CDATA[junit.framework.AssertionFailedError
at junit.framework.Assert.fail(Assert.java:47)
at junit.framework.Assert.assertTrue(Assert.java:20)
at junit.framework.Assert.assertFalse(Assert.java:34)
at junit.framework.Assert.assertFalse(Assert.java:41)
at org.datadriventest.qa.Test2.test1(Test2.java:11)
... Removed 23 stack frames]]>
    </failure>
  </testcase> <!-- test1 -->
  <testcase classname="org.datadriventest.qa.Test2" name="test2" time="0.005"/>
</testsuite> <!-- Test -->
